running egg_info
creating build/waiter_b/waiter_b.egg-info
writing build/waiter_b/waiter_b.egg-info/PKG-INFO
writing dependency_links to build/waiter_b/waiter_b.egg-info/dependency_links.txt
writing entry points to build/waiter_b/waiter_b.egg-info/entry_points.txt
writing requirements to build/waiter_b/waiter_b.egg-info/requires.txt
writing top-level names to build/waiter_b/waiter_b.egg-info/top_level.txt
writing manifest file 'build/waiter_b/waiter_b.egg-info/SOURCES.txt'
reading manifest file 'build/waiter_b/waiter_b.egg-info/SOURCES.txt'
writing manifest file 'build/waiter_b/waiter_b.egg-info/SOURCES.txt'
running build
running build_py
creating /home/vj/waiterb_ws/src/waiter_b/build/waiter_b/build
creating /home/vj/waiterb_ws/src/waiter_b/build/waiter_b/build/lib
creating /home/vj/waiterb_ws/src/waiter_b/build/waiter_b/build/lib/waiter_b
copying waiter_b/teleop.py -> /home/vj/waiterb_ws/src/waiter_b/build/waiter_b/build/lib/waiter_b
copying waiter_b/arduino_bridge.py -> /home/vj/waiterb_ws/src/waiter_b/build/waiter_b/build/lib/waiter_b
copying waiter_b/lidar_filter.py -> /home/vj/waiterb_ws/src/waiter_b/build/waiter_b/build/lib/waiter_b
copying waiter_b/__init__.py -> /home/vj/waiterb_ws/src/waiter_b/build/waiter_b/build/lib/waiter_b
copying waiter_b/dead_reckon.py -> /home/vj/waiterb_ws/src/waiter_b/build/waiter_b/build/lib/waiter_b
running install
running install_lib
creating /home/vj/waiterb_ws/src/waiter_b/install/waiter_b/lib/python3.12/site-packages/waiter_b
copying /home/vj/waiterb_ws/src/waiter_b/build/waiter_b/build/lib/waiter_b/teleop.py -> /home/vj/waiterb_ws/src/waiter_b/install/waiter_b/lib/python3.12/site-packages/waiter_b
copying /home/vj/waiterb_ws/src/waiter_b/build/waiter_b/build/lib/waiter_b/arduino_bridge.py -> /home/vj/waiterb_ws/src/waiter_b/install/waiter_b/lib/python3.12/site-packages/waiter_b
copying /home/vj/waiterb_ws/src/waiter_b/build/waiter_b/build/lib/waiter_b/lidar_filter.py -> /home/vj/waiterb_ws/src/waiter_b/install/waiter_b/lib/python3.12/site-packages/waiter_b
copying /home/vj/waiterb_ws/src/waiter_b/build/waiter_b/build/lib/waiter_b/__init__.py -> /home/vj/waiterb_ws/src/waiter_b/install/waiter_b/lib/python3.12/site-packages/waiter_b
copying /home/vj/waiterb_ws/src/waiter_b/build/waiter_b/build/lib/waiter_b/dead_reckon.py -> /home/vj/waiterb_ws/src/waiter_b/install/waiter_b/lib/python3.12/site-packages/waiter_b
byte-compiling /home/vj/waiterb_ws/src/waiter_b/install/waiter_b/lib/python3.12/site-packages/waiter_b/teleop.py to teleop.cpython-312.pyc
byte-compiling /home/vj/waiterb_ws/src/waiter_b/install/waiter_b/lib/python3.12/site-packages/waiter_b/arduino_bridge.py to arduino_bridge.cpython-312.pyc
byte-compiling /home/vj/waiterb_ws/src/waiter_b/install/waiter_b/lib/python3.12/site-packages/waiter_b/lidar_filter.py to lidar_filter.cpython-312.pyc
byte-compiling /home/vj/waiterb_ws/src/waiter_b/install/waiter_b/lib/python3.12/site-packages/waiter_b/__init__.py to __init__.cpython-312.pyc
byte-compiling /home/vj/waiterb_ws/src/waiter_b/install/waiter_b/lib/python3.12/site-packages/waiter_b/dead_reckon.py to dead_reckon.cpython-312.pyc
running install_data
creating /home/vj/waiterb_ws/src/waiter_b/install/waiter_b/share/ament_index
creating /home/vj/waiterb_ws/src/waiter_b/install/waiter_b/share/ament_index/resource_index
creating /home/vj/waiterb_ws/src/waiter_b/install/waiter_b/share/ament_index/resource_index/packages
copying resource/waiter_b -> /home/vj/waiterb_ws/src/waiter_b/install/waiter_b/share/ament_index/resource_index/packages
copying package.xml -> /home/vj/waiterb_ws/src/waiter_b/install/waiter_b/share/waiter_b
creating /home/vj/waiterb_ws/src/waiter_b/install/waiter_b/share/waiter_b/launch
copying launch/ekf.launch.py -> /home/vj/waiterb_ws/src/waiter_b/install/waiter_b/share/waiter_b/launch
copying launch/bridge.launch.py -> /home/vj/waiterb_ws/src/waiter_b/install/waiter_b/share/waiter_b/launch
copying launch/bringup.launch.py -> /home/vj/waiterb_ws/src/waiter_b/install/waiter_b/share/waiter_b/launch
copying launch/slam.launch.py -> /home/vj/waiterb_ws/src/waiter_b/install/waiter_b/share/waiter_b/launch
copying launch/remote_teleop.launch.py -> /home/vj/waiterb_ws/src/waiter_b/install/waiter_b/share/waiter_b/launch
creating /home/vj/waiterb_ws/src/waiter_b/install/waiter_b/share/waiter_b/config
copying config/ekf.yaml -> /home/vj/waiterb_ws/src/waiter_b/install/waiter_b/share/waiter_b/config
copying config/lidar_filter.yaml -> /home/vj/waiterb_ws/src/waiter_b/install/waiter_b/share/waiter_b/config
copying config/slam.yaml -> /home/vj/waiterb_ws/src/waiter_b/install/waiter_b/share/waiter_b/config
copying config/view.rviz -> /home/vj/waiterb_ws/src/waiter_b/install/waiter_b/share/waiter_b/config
creating /home/vj/waiterb_ws/src/waiter_b/install/waiter_b/share/waiter_b/urdf
copying urdf/waiter_bot.urdf.xacro -> /home/vj/waiterb_ws/src/waiter_b/install/waiter_b/share/waiter_b/urdf
running install_egg_info
Copying build/waiter_b/waiter_b.egg-info to /home/vj/waiterb_ws/src/waiter_b/install/waiter_b/lib/python3.12/site-packages/waiter_b-0.0.0-py3.12.egg-info
running install_scripts
Installing arduino_bridge script to /home/vj/waiterb_ws/src/waiter_b/install/waiter_b/lib/waiter_b
Installing dead_reckon script to /home/vj/waiterb_ws/src/waiter_b/install/waiter_b/lib/waiter_b
Installing lidar_filter script to /home/vj/waiterb_ws/src/waiter_b/install/waiter_b/lib/waiter_b
Installing teleop script to /home/vj/waiterb_ws/src/waiter_b/install/waiter_b/lib/waiter_b
writing list of installed files to '/home/vj/waiterb_ws/src/waiter_b/build/waiter_b/install.log'
